<?xml version="1.0" encoding="UTF-8"?>
<testng-results skipped="0" failed="0" ignored="0" total="1" passed="1">
  <reporter-output>
  </reporter-output>
  <suite name="Default suite" duration-ms="4160" started-at="2021-03-21T20:08:20 EDT" finished-at="2021-03-21T20:08:24 EDT">
    <groups>
    </groups>
    <test name="Default test" duration-ms="4160" started-at="2021-03-21T20:08:20 EDT" finished-at="2021-03-21T20:08:24 EDT">
      <class name="TestClass.SearchResults_TC">
        <test-method status="PASS" signature="initialize()[pri:0, instance:TestClass.SearchResults_TC@47ef968d]" name="initialize" is-config="true" duration-ms="7664" started-at="2021-03-21T20:08:12 EDT" finished-at="2021-03-21T20:08:20 EDT">
          <reporter-output>
          </reporter-output>
        </test-method> <!-- initialize -->
        <test-method status="PASS" signature="init()[pri:0, instance:TestClass.SearchResults_TC@47ef968d]" name="init" duration-ms="4130" started-at="2021-03-21T20:08:20 EDT" finished-at="2021-03-21T20:08:24 EDT">
          <reporter-output>
          </reporter-output>
        </test-method> <!-- init -->
        <test-method status="PASS" signature="TeardownTest()[pri:0, instance:TestClass.SearchResults_TC@47ef968d]" name="TeardownTest" is-config="true" duration-ms="771" started-at="2021-03-21T20:08:24 EDT" finished-at="2021-03-21T20:08:25 EDT">
          <reporter-output>
          </reporter-output>
        </test-method> <!-- TeardownTest -->
      </class> <!-- TestClass.SearchResults_TC -->
    </test> <!-- Default test -->
  </suite> <!-- Default suite -->
</testng-results>
